[INFO carlsim/kernel/src/snn_cpu.cpp:2029] *********************************************************************************
[INFO carlsim/kernel/src/snn_cpu.cpp:2031] ********************      Welcome to CARLsim 3.0      ***************************
[INFO carlsim/kernel/src/snn_cpu.cpp:2032] *********************************************************************************

[INFO carlsim/kernel/src/snn_cpu.cpp:2034] ***************************** Configuring Network ********************************
[INFO carlsim/kernel/src/snn_cpu.cpp:2036] Starting CARLsim simulation "MemModGPU" in USER mode
[INFO carlsim/kernel/src/snn_cpu.cpp:2037] Random number seed: 42
[DEBUG carlsim/kernel/src/snn_cpu.cpp:2043] Current local time and date: Wed Mar  2 01:21:22 2016

[INFO carlsim/kernel/src/snn_gpu.cu:2905] CUDA devices Configuration:
[INFO carlsim/kernel/src/snn_gpu.cu:2906]   - Number of CUDA devices          =         1
[INFO carlsim/kernel/src/snn_gpu.cu:2909]   - CUDA device ID with max GFLOPs  =         0
[INFO carlsim/kernel/src/snn_gpu.cu:2918]   - Use CUDA device[0]              = GeForce GTX 680
[INFO carlsim/kernel/src/snn_gpu.cu:2919]   - CUDA Compute Capability (CC)    =       3.0

[DEBUG carlsim/kernel/src/snn_cpu.cpp:207] grp_Info[0, psg1].numPostSynapses = 117, grp_Info[1, 0].numPreSynapses = 500
[DEBUG carlsim/kernel/src/snn_cpu.cpp:215] CONNECT SETUP: connId=0, mulFast=1.000000, mulSlow=1.000000
[DEBUG carlsim/kernel/src/snn_cpu.cpp:207] grp_Info[0, psg1].numPostSynapses = 234, grp_Info[1, 0].numPreSynapses = 1000
[DEBUG carlsim/kernel/src/snn_cpu.cpp:215] CONNECT SETUP: connId=1, mulFast=1.000000, mulSlow=1.000000
[DEBUG carlsim/kernel/src/snn_cpu.cpp:207] grp_Info[0, psg1].numPostSynapses = 351, grp_Info[1, 0].numPreSynapses = 1500
[DEBUG carlsim/kernel/src/snn_cpu.cpp:215] CONNECT SETUP: connId=2, mulFast=1.000000, mulSlow=1.000000
[DEBUG carlsim/kernel/src/snn_cpu.cpp:207] grp_Info[0, psg1].numPostSynapses = 468, grp_Info[1, 0].numPreSynapses = 2000
[DEBUG carlsim/kernel/src/snn_cpu.cpp:215] CONNECT SETUP: connId=3, mulFast=1.000000, mulSlow=1.000000
[DEBUG carlsim/kernel/src/snn_cpu.cpp:207] grp_Info[0, psg1].numPostSynapses = 585, grp_Info[1, 0].numPreSynapses = 2500
[DEBUG carlsim/kernel/src/snn_cpu.cpp:215] CONNECT SETUP: connId=4, mulFast=1.000000, mulSlow=1.000000
[DEBUG carlsim/kernel/src/snn_cpu.cpp:207] grp_Info[0, psg1].numPostSynapses = 702, grp_Info[1, 0].numPreSynapses = 3000
[DEBUG carlsim/kernel/src/snn_cpu.cpp:215] CONNECT SETUP: connId=5, mulFast=1.000000, mulSlow=1.000000
[DEBUG carlsim/kernel/src/snn_cpu.cpp:207] grp_Info[0, psg1].numPostSynapses = 819, grp_Info[1, 0].numPreSynapses = 3500
[DEBUG carlsim/kernel/src/snn_cpu.cpp:215] CONNECT SETUP: connId=6, mulFast=1.000000, mulSlow=1.000000
[DEBUG carlsim/kernel/src/snn_cpu.cpp:207] grp_Info[0, psg1].numPostSynapses = 936, grp_Info[1, 0].numPreSynapses = 4000
[DEBUG carlsim/kernel/src/snn_cpu.cpp:215] CONNECT SETUP: connId=7, mulFast=1.000000, mulSlow=1.000000
[DEBUG carlsim/kernel/src/snn_cpu.cpp:207] grp_Info[0, psg1].numPostSynapses = 1003, grp_Info[2, 1].numPreSynapses = 500
[DEBUG carlsim/kernel/src/snn_cpu.cpp:215] CONNECT SETUP: connId=8, mulFast=1.000000, mulSlow=1.000000
[DEBUG carlsim/kernel/src/snn_cpu.cpp:207] grp_Info[0, psg1].numPostSynapses = 1070, grp_Info[2, 1].numPreSynapses = 1000
[DEBUG carlsim/kernel/src/snn_cpu.cpp:215] CONNECT SETUP: connId=9, mulFast=1.000000, mulSlow=1.000000
[DEBUG carlsim/kernel/src/snn_cpu.cpp:207] grp_Info[0, psg1].numPostSynapses = 1137, grp_Info[2, 1].numPreSynapses = 1500
[DEBUG carlsim/kernel/src/snn_cpu.cpp:215] CONNECT SETUP: connId=10, mulFast=1.000000, mulSlow=1.000000
[DEBUG carlsim/kernel/src/snn_cpu.cpp:207] grp_Info[0, psg1].numPostSynapses = 1204, grp_Info[2, 1].numPreSynapses = 2000
[DEBUG carlsim/kernel/src/snn_cpu.cpp:215] CONNECT SETUP: connId=11, mulFast=1.000000, mulSlow=1.000000
[DEBUG carlsim/kernel/src/snn_cpu.cpp:207] grp_Info[0, psg1].numPostSynapses = 1271, grp_Info[2, 1].numPreSynapses = 2500
[DEBUG carlsim/kernel/src/snn_cpu.cpp:215] CONNECT SETUP: connId=12, mulFast=1.000000, mulSlow=1.000000
[DEBUG carlsim/kernel/src/snn_cpu.cpp:207] grp_Info[0, psg1].numPostSynapses = 1338, grp_Info[2, 1].numPreSynapses = 3000
[DEBUG carlsim/kernel/src/snn_cpu.cpp:215] CONNECT SETUP: connId=13, mulFast=1.000000, mulSlow=1.000000
[DEBUG carlsim/kernel/src/snn_cpu.cpp:207] grp_Info[0, psg1].numPostSynapses = 1405, grp_Info[2, 1].numPreSynapses = 3500
[DEBUG carlsim/kernel/src/snn_cpu.cpp:215] CONNECT SETUP: connId=14, mulFast=1.000000, mulSlow=1.000000
[DEBUG carlsim/kernel/src/snn_cpu.cpp:207] grp_Info[0, psg1].numPostSynapses = 1472, grp_Info[2, 1].numPreSynapses = 4000
[DEBUG carlsim/kernel/src/snn_cpu.cpp:215] CONNECT SETUP: connId=15, mulFast=1.000000, mulSlow=1.000000
[DEBUG carlsim/kernel/src/snn_cpu.cpp:207] grp_Info[0, psg1].numPostSynapses = 1572, grp_Info[3, 2].numPreSynapses = 500
[DEBUG carlsim/kernel/src/snn_cpu.cpp:215] CONNECT SETUP: connId=16, mulFast=1.000000, mulSlow=1.000000
[DEBUG carlsim/kernel/src/snn_cpu.cpp:207] grp_Info[0, psg1].numPostSynapses = 1672, grp_Info[3, 2].numPreSynapses = 1000
[DEBUG carlsim/kernel/src/snn_cpu.cpp:215] CONNECT SETUP: connId=17, mulFast=1.000000, mulSlow=1.000000
[DEBUG carlsim/kernel/src/snn_cpu.cpp:207] grp_Info[0, psg1].numPostSynapses = 1772, grp_Info[3, 2].numPreSynapses = 1500
[DEBUG carlsim/kernel/src/snn_cpu.cpp:215] CONNECT SETUP: connId=18, mulFast=1.000000, mulSlow=1.000000
[DEBUG carlsim/kernel/src/snn_cpu.cpp:207] grp_Info[0, psg1].numPostSynapses = 1872, grp_Info[3, 2].numPreSynapses = 2000
[DEBUG carlsim/kernel/src/snn_cpu.cpp:215] CONNECT SETUP: connId=19, mulFast=1.000000, mulSlow=1.000000
[DEBUG carlsim/kernel/src/snn_cpu.cpp:207] grp_Info[0, psg1].numPostSynapses = 1972, grp_Info[3, 2].numPreSynapses = 2500
[DEBUG carlsim/kernel/src/snn_cpu.cpp:215] CONNECT SETUP: connId=20, mulFast=1.000000, mulSlow=1.000000
[DEBUG carlsim/kernel/src/snn_cpu.cpp:207] grp_Info[0, psg1].numPostSynapses = 2072, grp_Info[3, 2].numPreSynapses = 3000
[DEBUG carlsim/kernel/src/snn_cpu.cpp:215] CONNECT SETUP: connId=21, mulFast=1.000000, mulSlow=1.000000
[DEBUG carlsim/kernel/src/snn_cpu.cpp:207] grp_Info[0, psg1].numPostSynapses = 2172, grp_Info[3, 2].numPreSynapses = 3500
[DEBUG carlsim/kernel/src/snn_cpu.cpp:215] CONNECT SETUP: connId=22, mulFast=1.000000, mulSlow=1.000000
[DEBUG carlsim/kernel/src/snn_cpu.cpp:207] grp_Info[0, psg1].numPostSynapses = 2272, grp_Info[3, 2].numPreSynapses = 4000
[DEBUG carlsim/kernel/src/snn_cpu.cpp:215] CONNECT SETUP: connId=23, mulFast=1.000000, mulSlow=1.000000
[DEBUG carlsim/kernel/src/snn_cpu.cpp:207] grp_Info[0, psg1].numPostSynapses = 2322, grp_Info[4, 3].numPreSynapses = 500
[DEBUG carlsim/kernel/src/snn_cpu.cpp:215] CONNECT SETUP: connId=24, mulFast=1.000000, mulSlow=1.000000
[DEBUG carlsim/kernel/src/snn_cpu.cpp:207] grp_Info[0, psg1].numPostSynapses = 2372, grp_Info[4, 3].numPreSynapses = 1000
[DEBUG carlsim/kernel/src/snn_cpu.cpp:215] CONNECT SETUP: connId=25, mulFast=1.000000, mulSlow=1.000000
[DEBUG carlsim/kernel/src/snn_cpu.cpp:207] grp_Info[0, psg1].numPostSynapses = 2422, grp_Info[4, 3].numPreSynapses = 1500
[DEBUG carlsim/kernel/src/snn_cpu.cpp:215] CONNECT SETUP: connId=26, mulFast=1.000000, mulSlow=1.000000
[DEBUG carlsim/kernel/src/snn_cpu.cpp:207] grp_Info[0, psg1].numPostSynapses = 2472, grp_Info[4, 3].numPreSynapses = 2000
[DEBUG carlsim/kernel/src/snn_cpu.cpp:215] CONNECT SETUP: connId=27, mulFast=1.000000, mulSlow=1.000000
[DEBUG carlsim/kernel/src/snn_cpu.cpp:207] grp_Info[0, psg1].numPostSynapses = 2522, grp_Info[4, 3].numPreSynapses = 2500
[DEBUG carlsim/kernel/src/snn_cpu.cpp:215] CONNECT SETUP: connId=28, mulFast=1.000000, mulSlow=1.000000
[DEBUG carlsim/kernel/src/snn_cpu.cpp:207] grp_Info[0, psg1].numPostSynapses = 2572, grp_Info[4, 3].numPreSynapses = 3000
[DEBUG carlsim/kernel/src/snn_cpu.cpp:215] CONNECT SETUP: connId=29, mulFast=1.000000, mulSlow=1.000000
[DEBUG carlsim/kernel/src/snn_cpu.cpp:207] grp_Info[0, psg1].numPostSynapses = 2622, grp_Info[4, 3].numPreSynapses = 3500
[DEBUG carlsim/kernel/src/snn_cpu.cpp:215] CONNECT SETUP: connId=30, mulFast=1.000000, mulSlow=1.000000
[DEBUG c